C51 COMPILER V9.01   MAIN                                                                  11/14/2013 14:14:35 PAGE 1   


C51 COMPILER V9.01, COMPILATION OF MODULE MAIN
OBJECT MODULE PLACED IN main.OBJ
COMPILER INVOKED BY: C:\Keil\C51\BIN\C51.EXE main.c BROWSE DEBUG OBJECTEXTEND

line level    source

   1          /**********************慧净电子智能小车例程************************
   2          *  平台：HJ-C51 HJ-1G HL-1 HJ-3G HJ-C52  + Keil uVision4 + STC89C52 + AT89S52
   3          *  名称：HL-1智能小车参考程序
   4          *  公司：慧净电子科技有限公司
   5          *  淘宝：http://shop37031453.taobao.com       
   6          *  网站：www.hjmcu.com    www.hlmcu.com
   7          *  编写H
   8          *  日期：2008-8-08
   9          *   QQ : 398115088 121350852
  10          *  晶振:11.0592MHZ
  11          *  说明：免费开源，不提供源代码分析，有问题直接到慧净论坛交流
  12          *  论坛：
  13          *  硬件设置：要有自己动手能力，才能完成实验
  14          *  使用说明：根据下面IO口自己用杜邦线连接各种模块，可以自己修改各种模块IO口
  15          *  需要购买慧净电子智能小车相关模块才能做实验--请直接到慧净网站购买
  16          *  学习建议：请到慧净电子学习网WWW.HJMCU.COM免费下载52课《从零到项目开发学51单片机与C语言技术视频教程》 BT
             -下载3.63G
  17             重点提示：本程序只做参考，不提供技术支持，请自己研究吸收。
  18          
  19          
  20             HL-1与HL-1智能小车低盘本杜邦线接线方法，请一定照做，否则可能不工作，并烧毁小车。
  21          
  22             J3
  23             IN1--接到--实验板上的P1.2
  24             IN2--接到--实验板上的P1.3
  25             EN1--接到--实验板上的P1.4
  26             EN2--接到--实验板上的P1.5
  27             IN3--接到--实验板上的P1.6
  28             IN4--接到--实验板上的P1.7
  29             J4 
  30             IN5--接到--实验板上的P2.1
  31             IN6--接到--实验板上的P2.0
  32             J5
  33             OUT1--接到--实验板上的P3.2
  34             OUT2--接到--实验板上的P3.3
  35             OUT3--接到--实验板上的P3.4
  36             OUT4--接到--实验板上的P3.5
  37          
  38             电源接法----请注意核对，一定要100%正确，否则会烧坏HL-1实验板
  39             J17
  40             VCC--接到--实验板上的 TTL V 引脚
  41             GND--接到--实验板上的 TTL G 引脚
  42          ******************************************************************/
  43          #include<AT89X52.H>      //包含52单片机头文件
  44          //定义智能小车驱动模块输入IO
  45          sbit IN1 =      P1^2; // 高电平1 后退（反转）
  46          sbit IN2 =  P1^3; // 高电平1 前进（正转）
  47          
  48          sbit IN3 =      P1^6; // 高电平1 前进（正转）
  49          sbit IN4 =  P1^7; // 高电平1 后退（反转）
  50          
  51          sbit EN1 =      P1^4;   // 高电平使能 
  52          sbit EN2 =  P1^5;       // 高电平使能 
  53          sbit BUZZ = P2^3;
  54          
C51 COMPILER V9.01   MAIN                                                                  11/14/2013 14:14:35 PAGE 2   

  55          //延时函数      
  56             void delay(unsigned int k)
  57          {    
  58   1           unsigned int x,y;
  59   1               for(x=0;x<k;x++) 
  60   1                 for(y=0;y<2000;y++);
  61   1      }
  62          
  63          //小车前进函数
  64           void run(void)
  65           {
  66   1           IN1=0;             //左电机
  67   1               IN2=1;
  68   1               IN3=1;         //右电机
  69   1               IN4=0;
  70   1               EN1=1;
  71   1               EN2=1;
  72   1       }
  73          
  74          //小车后退函数
  75           void backrun(void)
  76           {
  77   1           IN1=1;             //左电机
  78   1               IN2=0;
  79   1               IN3=0;         //右电机
  80   1               IN4=1;
  81   1               EN1=1;
  82   1               EN2=1;
  83   1       }
  84           //小车左转函数
  85           void leftrun(void)
  86           {
  87   1           IN1=0;             //左电机
  88   1               IN2=0;
  89   1               IN3=1;         //右电机
  90   1               IN4=0;
  91   1               EN1=1;
  92   1               EN2=1;
  93   1       }
  94            //小车右转函数
  95           void rightrun(void)
  96           {
  97   1           IN1=0;             //左电机
  98   1               IN2=1;
  99   1               IN3=0;         //右电机
 100   1               IN4=0;
 101   1               EN1=1;
 102   1               EN2=1;
 103   1       }
 104             //小车停止函数
 105           void stopruo(void)
 106           {
 107   1           IN1=0;             //左电机
 108   1               IN2=0;
 109   1               IN3=0;         //右电机
 110   1               IN4=0;
 111   1               EN1=1;
 112   1               EN2=1;
 113   1       }
 114          
 115          //主函数
 116          void main(void)
C51 COMPILER V9.01   MAIN                                                                  11/14/2013 14:14:35 PAGE 3   

 117          {
 118   1              unsigned char i;
 119   1              
 120   1      //本实验学习的按键启动知识          
 121   1      B:              for(i=0;i<50;i++) //判断K3是否按下
 122   1                      {
 123   2                         delay(1);    //1ms内判断50次，如果其中有一次被判断到K3没按下，便重新检测
 124   2                         if(P3_6!=0)//当K3按下时，启动小车前进，如有不明，请看慧净51单片机视频教程
 125   2                         goto B; //跳转到标号B，重新检测  
 126   2                      } 
 127   1      //本实验学习的知识蜂鸣器
 128   1                   BUZZ=0;    //50次检测K3确认是按下之后，蜂鸣器发出“滴”声响，然后启动小车。
 129   1                   delay(50);
 130   1                   BUZZ=1;//响50ms后关闭蜂鸣器
 131   1         run();   //调用前进函数
 132   1         delay(100);
 133   1      while(1)//
 134   1      {
 135   2                 backrun();   //调用后退函数
 136   2                 delay(200);
 137   2                 leftrun(); 
 138   2                 delay(200);  
 139   2                 rightrun();
 140   2                 delay(200);
 141   2                 stopruo();
 142   2                 delay(400);
 143   2                 delay(400);
 144   2      }
 145   1      }


MODULE INFORMATION:   STATIC OVERLAYABLE
   CODE SIZE        =    168    ----
   CONSTANT SIZE    =   ----    ----
   XDATA SIZE       =   ----    ----
   PDATA SIZE       =   ----    ----
   DATA SIZE        =   ----    ----
   IDATA SIZE       =   ----    ----
   BIT SIZE         =   ----    ----
END OF MODULE INFORMATION.


C51 COMPILATION COMPLETE.  0 WARNING(S),  0 ERROR(S)
