C51 COMPILER V9.01   MAIN                                                                  12/31/2013 23:31:53 PAGE 1   


C51 COMPILER V9.01, COMPILATION OF MODULE MAIN
OBJECT MODULE PLACED IN main.OBJ
COMPILER INVOKED BY: C:\Keil\C51\BIN\C51.EXE main.c BROWSE DEBUG OBJECTEXTEND

line level    source

   1          /*****************HL-1慧净蓝牙智能小车例程*****************
   2          *  平台：HJ-4WD/HJ-E/HL-1智能小车 + Keil U4 + STC89C52
   3          *  名称：
   4          *  公司：慧净电子科技有限公司
   5          *  淘宝：http://shop37031453.taobao.com       
   6          *  网站：www.hjmcu.com  智能小车专用网站：WWW.HLMCU.COM
   7          *  编写：慧净
   8          *  日期：2008-8-08
   9          *  交流:智能车QQ:1526248688  开发板QQ:398115088
  10          *  晶振:11.0592MHZ
  11          *  说明：免费开源，不提供源代码分析，有问题直接到慧净论坛交流
  12          *  论坛：http://hjdz.haotui.com 
  13          *  免费结缘：5星好评赠送18个资料包，追加评价后再加送20G资料，网上网盘下载
  14          *  视频教程：本小车配套详细视频教程，有需要请到慧净网站免费下载
  15          ******************************************************************/
  16              
  17              //按下K4按键，1秒左右启电小车（注意不要接入测速模块）
  18                  //按下复位健可以停止小车        
  19                  //注意程序只做参考之用，要达到最理想的寻迹效果，还需要同学们细心调试。  
  20                  #include<AT89X52.H>               //包含51单片机头文件，内部有各种寄存器定义
  21                  #include<HJ-4WD_PWM.H>            //包含HL-1蓝牙智能小车驱动IO口定义等函数
  22              
  23          //主函数
  24                  void main(void)
  25          {       
  26   1      
  27   1              unsigned char i;
  28   1          P1=0X00;   //关电机 
  29   1      //本实验学习的按键启动知识          
  30   1      B:              for(i=0;i<50;i++) //判断K4是否按下
  31   1                      {
  32   2                         delay(1);    //1ms内判断50次，如果其中有一次被判断到K4没按下，便重新检测
  33   2                         if(P3_7!=0)//当K4按下时，启动小车前进，如有不明，请看慧净51单片机视频教程
  34   2                         goto B; //跳转到标号B，重新检测  
  35   2                      } 
  36   1      //本实验学习的知识蜂鸣器，注意要在HJ-4WD头文件里定义IO口
  37   1                   BUZZ=0;    //50次检测K4确认是按下之后，蜂鸣器发出“滴”声响，然后启动小车。
  38   1                   delay(50);
  39   1                   BUZZ=1;//响50ms后关闭蜂鸣器
  40   1      
  41   1                              TMOD=0X01;
  42   1                      TH0= 0XFc;                //1ms定时
  43   1                      TL0= 0X18;
  44   1                      TR0= 1;
  45   1                      ET0= 1;
  46   1                      EA = 1;                    //开总中断
  47   1      
  48   1      
  49   1              while(1)        //无限循环
  50   1              { 
  51   2               
  52   2                               //有信号为0  没有信号为1
  53   2      
  54   2                    if(Left_1_led==0&&Right_1_led==0)
  55   2      
C51 COMPILER V9.01   MAIN                                                                  12/31/2013 23:31:53 PAGE 2   

  56   2                                run();   //调用前进函数
  57   2      
  58   2                                else
  59   2                               {                        
  60   3                                                     if(Left_1_led==1&&Right_1_led==0)            //左边检测到黑线
  61   3                                       {
  62   4                                                leftrun();              //调用小车左转  函数
  63   4      
  64   4                                   }
  65   3                                 
  66   3                                                                  if(Right_1_led==1&&Left_1_led==0)           //右边检测到黑线
  67   3                                        {       
  68   4                                            rightrun();                  //调用小车右转       函数
  69   4      
  70   4                                        }
  71   3                              }        
  72   2               }
  73   1      }


MODULE INFORMATION:   STATIC OVERLAYABLE
   CODE SIZE        =    242    ----
   CONSTANT SIZE    =   ----    ----
   XDATA SIZE       =   ----    ----
   PDATA SIZE       =   ----    ----
   DATA SIZE        =      6    ----
   IDATA SIZE       =   ----    ----
   BIT SIZE         =      2    ----
END OF MODULE INFORMATION.


C51 COMPILATION COMPLETE.  0 WARNING(S),  0 ERROR(S)
