C51 COMPILER V9.01   MAIN                                                                  11/14/2013 11:39:41 PAGE 1   


C51 COMPILER V9.01, COMPILATION OF MODULE MAIN
OBJECT MODULE PLACED IN main.OBJ
COMPILER INVOKED BY: C:\Keil\C51\BIN\C51.EXE main.c BROWSE DEBUG OBJECTEXTEND

line level    source

   1          /**********************۾С************************
   2          *  ƽ̨HJ-C51 HJ-1G HL-1 HJ-3G HJ-C52  + Keil uVision4 + STC89C52 + AT89S52
   3          *  ƣHL-1С
   4          *  ˾۾ӿƼ޹˾
   5          *  Աhttp://shop37031453.taobao.com       
   6          *  վwww.hjmcu.com    www.hlmcu.com
   7          *  дH
   8          *  ڣ2008-8-08
   9          *  ޸ݣIOڷֱӵP3.2 P3.3 ڣÿСοܲͬԼοԸȶߺ
  10          *   QQ : 398115088 121350852
  11          *  :11.0592MHZ
  12          *  ˵ѿԴṩԴֱӵ۾̳
  13          *  ̳
  14          *  ӲãҪԼʵ
  15          *  ʹ˵IOԼöŰӸģ飬Լ޸ĸģIO
  16          *  Ҫ۾Сģʵ--ֱӵ۾վ
  17          *  ѧϰ飺뵽۾ѧϰWWW.HJMCU.COM52Ρ㵽Ŀѧ51ƬCԼƵ̡̳ BT
             -3.63G
  18             صʾֻοṩ֧֣Լоա//ջ5Ǻ10Gͣء
             -
  19             *  ͬʱҪӺLCD1602 עW1ԱȶȣõUSBʱһ㣬õعʱСһԱȶȡ
  20          
  21             HL-1HL-1С̱Ű߽߷һܲջС
  22          
  23             J3
  24             IN1--ӵ--ʵϵP1.2
  25             IN2--ӵ--ʵϵP1.3
  26             EN1--ӵ--ʵϵP1.4
  27             EN2--ӵ--ʵϵP1.5
  28             IN3--ӵ--ʵϵP1.6
  29             IN4--ӵ--ʵϵP1.7
  30             J4 
  31             IN5--ӵ--ʵϵP2.1
  32             IN6--ӵ--ʵϵP2.0
  33             J5
  34             OUT1--ӵ--ʵϵP3.2
  35             OUT2--ӵ--ʵϵP3.3
  36             OUT3--ӵ--ʵϵP3.4
  37             OUT4--ӵ--ʵϵP3.5
  38          
  39             Դӷ----ע˶ԣһҪ100%ȷջHL-1ʵ
  40             J17
  41             VCC--ӵ--ʵϵ TTL V 
  42             GND--ӵ--ʵϵ TTL G 
  43          ******************************************************************/
  44          #include <AT89x51.H>            //ļ
  45          #include <intrins.h>
  46          #define  RX  P2_0
  47          #define  TX  P2_1
  48          #define LCM_RW  P1_1 //LCD
  49          #define LCM_RS  P1_0
  50          #define LCM_E   P2_5
  51          
  52          #define LCM_Data  P0
  53          #define Busy    0x80 //ڼLCM״̬еBusyʶ
C51 COMPILER V9.01   MAIN                                                                  11/14/2013 11:39:41 PAGE 2   

  54          sbit DU = P2^6;
  55          sbit WE = P2^7;
  56          void cmg88()//
  57          {
  58   1      DU=1;  
  59   1      P0=0X00;
  60   1      DU=0;
  61   1      }
  62          
  63          void LCMInit(void);//LCDʼ
  64          void DisplayOneChar(unsigned char X, unsigned char Y, unsigned char DData);//LCDʾһַ
  65          void DisplayListChar(unsigned char X, unsigned char Y, unsigned char code *DData);//LCDʾһַ
  66          void Delay5Ms(void);//ʱ5뺯
  67          void Delay400Ms(void);//ʱ400뺯
  68          void Decode(unsigned char ScanCode);
  69          void WriteDataLCM(unsigned char WDLCM);//LCD1602дݺ
  70          void WriteCommandLCM(unsigned char WCLCM,BuysC);//LCDд
  71          
  72          //unsigned char ReadDataLCM(void);
  73          unsigned char ReadStatusLCM(void);
  74          unsigned char code Range[] ="==Range Finder==";//LCD1602ʾʽ
  75          unsigned char code ASCII[13] = "0123456789.-M";
  76          unsigned char code table[]="Distance:000.0cm";
  77          unsigned char code table1[]="!!! Out of range";
  78          
  79          //static unsigned char DisNum = 0; //ʾָ                           
  80          unsigned int  time=0;
  81          unsigned long S=0;
  82          bit  flag =0;
  83          unsigned char disbuff[4]={ 0,0,0,0,};
  84          
  85          //д
  86          void WriteDataLCM(unsigned char WDLCM) 
  87          {
  88   1              ReadStatusLCM(); //æ
  89   1              LCM_Data = WDLCM;
  90   1              LCM_RS = 1;
  91   1              LCM_RW = 0;
  92   1              LCM_E = 0; //ٶ̫߿Сʱ
  93   1              LCM_E = 0; //ʱ
  94   1              LCM_E = 1;
  95   1      }
  96          
  97          //дָ
  98          void WriteCommandLCM(unsigned char WCLCM,BuysC) //BuysCΪ0ʱæ
  99          {
 100   1              if (BuysC) ReadStatusLCM(); //Ҫæ
 101   1              LCM_Data = WCLCM;
 102   1              LCM_RS = 0;
 103   1              LCM_RW = 0;     
 104   1              LCM_E = 0;
 105   1              LCM_E = 0;
 106   1              LCM_E = 1;      
 107   1      }
 108          
 109          //
 110          /*unsigned char ReadDataLCM(void)
 111          {
 112                  LCM_RS = 1; 
 113                  LCM_RW = 1;
 114                  LCM_E = 0;
 115                  LCM_E = 0;
C51 COMPILER V9.01   MAIN                                                                  11/14/2013 11:39:41 PAGE 3   

 116                  LCM_E = 1;
 117                  return(LCM_Data);
 118          }*/
 119          
 120          //״̬
 121          unsigned char ReadStatusLCM(void)
 122          {
 123   1              LCM_Data = 0xFF; 
 124   1              LCM_RS = 0;
 125   1              LCM_RW = 1;
 126   1              LCM_E = 0;
 127   1              LCM_E = 0;
 128   1              LCM_E = 1;
 129   1              while (LCM_Data & Busy); //æź
 130   1              return(LCM_Data);
 131   1      }
 132          
 133          void LCMInit(void) //LCMʼ
 134          {
 135   1              LCM_Data = 0;
 136   1              WriteCommandLCM(0x38,0); //ʾģʽãæź
 137   1              Delay5Ms(); 
 138   1              WriteCommandLCM(0x38,0);
 139   1              Delay5Ms(); 
 140   1              WriteCommandLCM(0x38,0);
 141   1              Delay5Ms(); 
 142   1      
 143   1              WriteCommandLCM(0x38,1); //ʾģʽ,ʼҪÿμæź
 144   1              WriteCommandLCM(0x08,1); //رʾ
 145   1              WriteCommandLCM(0x01,1); //ʾ
 146   1              WriteCommandLCM(0x06,1); // ʾƶ
 147   1              WriteCommandLCM(0x0c,1); // ʾ
 148   1      }
 149          
 150          //ָλʾһַ
 151          void DisplayOneChar(unsigned char X, unsigned char Y, unsigned char DData)
 152          {
 153   1              Y &= 0x1;
 154   1              X &= 0xF; //Xܴ15Yܴ1
 155   1              if (Y) X |= 0x40; //Ҫʾڶʱַ+0x40;
 156   1              X |= 0x80; //ָ
 157   1              WriteCommandLCM(X, 1); //
 158   1              WriteDataLCM(DData); //
 159   1      }
 160          
 161          //ָλʾһַ
 162          void DisplayListChar(unsigned char X, unsigned char Y, unsigned char code *DData)
 163          {
 164   1              unsigned char ListLength;
 165   1      
 166   1        ListLength = 0;
 167   1              Y &= 0x1;
 168   1              X &= 0xF; //Xܴ15Yܴ1
 169   1              while (DData[ListLength]>0x19) //ִβ˳
 170   1                      {
 171   2                              if (X <= 0xF) //XӦС0xF
 172   2                                      {
 173   3                                              DisplayOneChar(X, Y, DData[ListLength]); //ʾַ
 174   3                                              ListLength++;
 175   3                                              X++;
 176   3                                      }
 177   2                      }
C51 COMPILER V9.01   MAIN                                                                  11/14/2013 11:39:41 PAGE 4   

 178   1      }
 179          
 180          //5msʱ
 181          void Delay5Ms(void)
 182          {
 183   1              unsigned int TempCyc = 5552;
 184   1              while(TempCyc--);
 185   1      }
 186          
 187          //400msʱ
 188          void Delay400Ms(void)
 189          {
 190   1              unsigned char TempCycA = 5;
 191   1              unsigned int TempCycB;
 192   1              while(TempCycA--)
 193   1                      {
 194   2                              TempCycB=7269;
 195   2                              while(TempCycB--);
 196   2                      };
 197   1      }
 198          /********************************************************/
 199              void Conut(void)                    //㺯
 200                  {
 201   1               time=TH0*256+TL0;
 202   1               TH0=0;
 203   1               TL0=0;
 204   1              
 205   1               S=(time*1.7)/10+10;     //MM
 206   1               if((S>=7000)||flag==1) //Χ
 207   1               {       
 208   2                flag=0;
 209   2            DisplayListChar(0, 1, table1);
 210   2               }
 211   1               else
 212   1               {
 213   2            disbuff[0]=S%10;
 214   2                disbuff[1]=S/10%10;
 215   2                disbuff[2]=S/100%10;
 216   2                disbuff[3]=S/1000;
 217   2                DisplayListChar(0, 1, table);
 218   2                DisplayOneChar(9, 1, ASCII[disbuff[3]]);
 219   2                DisplayOneChar(10, 1, ASCII[disbuff[2]]);     
 220   2                DisplayOneChar(11, 1, ASCII[disbuff[1]]);
 221   2            DisplayOneChar(12, 1, ASCII[10]);
 222   2                DisplayOneChar(13, 1, ASCII[disbuff[0]]);
 223   2               }
 224   1              }
 225          /********************************************************/
 226               void zd0() interrupt 1              //T0ж,෶Χ
 227            {
 228   1          flag=1;                      //ж־
 229   1              RX=0;
 230   1        }
 231          /********************************************************/
 232               void  StartModule()                         //ģ
 233            {
 234   1                TX=1;                                      //һģ
 235   1                _nop_(); 
 236   1                _nop_(); 
 237   1                _nop_(); 
 238   1                _nop_(); 
 239   1                _nop_(); 
C51 COMPILER V9.01   MAIN                                                                  11/14/2013 11:39:41 PAGE 5   

 240   1                _nop_(); 
 241   1                _nop_(); 
 242   1                _nop_(); 
 243   1                _nop_(); 
 244   1                _nop_(); 
 245   1                _nop_(); 
 246   1                _nop_(); 
 247   1                _nop_(); 
 248   1                _nop_(); 
 249   1                _nop_(); 
 250   1                _nop_(); 
 251   1                _nop_();
 252   1                _nop_(); 
 253   1                _nop_(); 
 254   1                _nop_(); 
 255   1                _nop_();
 256   1                TX=0;
 257   1        }
 258          /********************************************************/ 
 259          /*void delayms(unsigned int ms)
 260          {
 261                  unsigned char i=100,j;
 262                  for(;ms;ms--)
 263                  {
 264                          while(--i)
 265                          {
 266                                  j=10;
 267                                  while(--j);
 268                          }
 269                  }
 270          }*/
 271          void Timer_Count(void)                     //ߵƽȼ㺯
 272          {
 273   1                       TR0=1;                     //
 274   1                   while(RX);                 //RXΪ1ȴ
 275   1                   TR0=0;                             //رռ
 276   1               Conut();                       //
 277   1      
 278   1      }
 279          /*********************************************************/
 280          void main(void)
 281          {
 282   1          unsigned int valA;
 283   1              Delay400Ms(); //ȴLCM빤״̬
 284   1              cmg88();//
 285   1              LCMInit(); //LCMʼ
 286   1              Delay5Ms(); //ʱƬ
 287   1              DisplayListChar(0, 0, Range);
 288   1              DisplayListChar(0, 1, table);
 289   1              //ReadDataLCM();//þ
 290   1          TMOD=0x01;//T0Ϊʽ1GATE=1
 291   1          EA=1;                   //ж        
 292   1          TH0=0;
 293   1          TL0=0;          
 294   1          ET0=1;             //T0ж
 295   1                                                      
 296   1              while(1)
 297   1                {
 298   2                      RX=1;
 299   2                  StartModule();               //ģ
 300   2              for(valA=7510;valA>0;valA--)
 301   2                  {
C51 COMPILER V9.01   MAIN                                                                  11/14/2013 11:39:41 PAGE 6   

 302   3                         
 303   3                     if(RX==1)
 304   3                         {
 305   4                 Timer_Count();                //ߵƽȼ㺯
 306   4                         }
 307   3               }
 308   2                }
 309   1      }
 310          
 311          
 312          
 313                          


MODULE INFORMATION:   STATIC OVERLAYABLE
   CODE SIZE        =    667    ----
   CONSTANT SIZE    =     64    ----
   XDATA SIZE       =   ----    ----
   PDATA SIZE       =   ----    ----
   DATA SIZE        =     10      10
   IDATA SIZE       =   ----    ----
   BIT SIZE         =      1    ----
END OF MODULE INFORMATION.


C51 COMPILATION COMPLETE.  0 WARNING(S),  0 ERROR(S)
